node.exe : 
2026-03-13T12:22:38Z 
INF Thank you for 
trying Cloudflare 
Tunnel. Doing so, 
without a Cloudflare 
account, is a quick 
way to experiment and 
try it out. However, 
be aware that these 
account-less Tunnels 
have no uptime 
guarantee, are subject 
to the Cloudflare 
Online Services Terms 
of Use (https://www.clo
udflare.com/website-ter
ms/), and Cloudflare 
reserves the right to 
investigate your use 
of Tunnels for 
violations of such 
terms. If you intend 
to use Tunnels in 
production you should 
use a pre-created 
named tunnel by 
following: https://deve
lopers.cloudflare.com/c
loudflare-one/connectio
ns/connect-apps
At line:1 char:1
+ & "C:\Program 
Files\nodejs/node.exe" 
"C:\Program 
Files\nodejs/node_mo 
...
+ ~~~~~~~~~~~~~~~~~~~~~
~~~~~~~~~~~~~~~~~~~~~~~
~~~~~~~~~~~~~~~~~~~~~~~
~~
    + CategoryInfo     
         : NotSpecifi  
  ed: (2026-03-13T12   
 :2...ns/connect-ap    
ps:String) [], Rem    
oteException
    + FullyQualifiedEr 
   rorId : NativeComm  
  andError
 
2026-03-13T12:22:38Z 
INF Requesting new 
quick Tunnel on 
trycloudflare.com...
2026-03-13T12:22:44Z 
INF +------------------
-----------------------
-----------------------
-----------------------
-----+
2026-03-13T12:22:44Z 
INF |  Your quick 
Tunnel has been 
created! Visit it at 
(it may take some time 
to be reachable):  |
2026-03-13T12:22:44Z 
INF |  https://spreadin
g-flavor-guardian-produ
ctive.trycloudflare.com
                       
     |
2026-03-13T12:22:44Z 
INF +------------------
-----------------------
-----------------------
-----------------------
-----+
2026-03-13T12:22:44Z 
INF Cannot determine 
default configuration 
path. No file 
[config.yml 
config.yaml] in 
[~/.cloudflared 
~/.cloudflare-warp 
~/cloudflare-warp]
2026-03-13T12:22:44Z 
INF Version 2026.1.1 
(Checksum 75b28989df6a4
ed3805732c5c3245c205848
1a56cf9f11693e067e1339a
6d0aa)
2026-03-13T12:22:44Z 
INF GOOS: windows, 
GOVersion: go1.24.11, 
GoArch: amd64
2026-03-13T12:22:44Z 
INF Settings: 
map[ha-connections:1 
protocol:quic url:http:
//localhost:5000]
2026-03-13T12:22:44Z 
INF cloudflared will 
not automatically 
update on Windows 
systems.
2026-03-13T12:22:44Z 
INF Generated 
Connector ID: 194f34ff-
ab6f-4cae-825e-5cda98f8
76fe
2026-03-13T12:22:44Z 
INF Initial protocol 
quic
2026-03-13T12:22:44Z 
INF ICMP proxy will 
use 192.168.53.183 as 
source for IPv4
2026-03-13T12:22:44Z 
INF ICMP proxy will 
use 2401:4900:93d7:6c:6
401:4bed:359f:f619 in 
zone Wi-Fi as source 
for IPv6
2026-03-13T12:22:44Z 
INF cloudflared does 
not support loading 
the system root 
certificate pool on 
Windows. Please use 
--origin-ca-pool 
<PATH> to specify the 
path to the 
certificate pool
2026-03-13T12:22:44Z 
INF ICMP proxy will 
use 192.168.53.183 as 
source for IPv4
2026-03-13T12:22:44Z 
INF Tunnel connection 
curve preferences: 
[X25519MLKEM768 
CurveP256] connIndex=0 
event=0 
ip=198.41.192.77
2026-03-13T12:22:44Z 
INF ICMP proxy will 
use 2401:4900:93d7:6c:6
401:4bed:359f:f619 in 
zone Wi-Fi as source 
for IPv6
2026-03-13T12:22:44Z 
INF Starting metrics 
server on 
127.0.0.1:20244/metrics
2026-03-13T12:22:45Z 
INF Registered tunnel 
connection connIndex=0 
connection=0cb301e4-a26
4-47ee-9d99-16e02e858b5
5 event=0 
ip=198.41.192.77 
location=maa01 
protocol=quic
